2021-02-11 10:49:39,250 [Worker-7: Loading available Gradle versions] INFO  o.e.b.c.i.u.g.PublishedGradleVersions - Gradle version information cache is up-to-date. Trying to read.
2021-02-11 10:51:59,747 [Worker-2: Loading available Gradle versions] INFO  o.e.b.c.i.u.g.PublishedGradleVersions - Gradle version information cache is up-to-date. Trying to read.
2021-02-11 10:52:53,470 [Worker-22: Creating maven-archetype-quickstart] INFO  o.e.m.c.i.p.ProjectConfigurationManager - Collecting project info '/pom.xml' C:\Users\cosmi\Desktop\Folders\00 Info\01 Acutal\04 TDS\02 Practicas\02 Practicas actual\tds\pom.xml
2021-02-11 10:52:54,050 [Worker-22: Creating maven-archetype-quickstart] INFO  o.e.m.c.i.l.LifecycleMappingFactory - Using org.eclipse.m2e.jdt.JarLifecycleMapping lifecycle mapping for MavenProject: umu:tds:0.0.1-SNAPSHOT @ C:\Users\cosmi\Desktop\Folders\00 Info\01 Acutal\04 TDS\02 Practicas\02 Practicas actual\tds\pom.xml.
2021-02-11 10:52:54,314 [Worker-22: Creating maven-archetype-quickstart] INFO  o.e.m.j.i.AbstractJavaProjectConfigurator - Adding source folder /tds/src/main/java
2021-02-11 10:52:54,320 [Worker-22: Creating maven-archetype-quickstart] INFO  o.e.m.j.i.AbstractJavaProjectConfigurator - Adding source folder /tds/src/test/java
2021-02-11 10:52:55,079 [Worker-22: Creating maven-archetype-quickstart] INFO  o.e.m.c.i.p.ProjectConfigurationManager - Imported and configured 1 project(s) in 1 sec
2021-02-11 10:52:55,742 [Worker-20: Building] INFO  o.e.m.c.i.embedder.EclipseLogger - Using 'UTF-8' encoding to copy filtered resources.
2021-02-11 10:52:55,742 [Worker-20: Building] INFO  o.e.m.c.i.embedder.EclipseLogger - skip non existing resourceDirectory C:\Users\cosmi\Desktop\Folders\00 Info\01 Acutal\04 TDS\02 Practicas\02 Practicas actual\tds\src\main\resources
2021-02-11 10:52:55,743 [Worker-20: Building] INFO  o.e.m.c.i.embedder.EclipseLogger - Using 'UTF-8' encoding to copy filtered resources.
2021-02-11 10:52:55,744 [Worker-20: Building] INFO  o.e.m.c.i.embedder.EclipseLogger - skip non existing resourceDirectory C:\Users\cosmi\Desktop\Folders\00 Info\01 Acutal\04 TDS\02 Practicas\02 Practicas actual\tds\src\test\resources
2021-02-11 10:54:34,419 [Worker-0: Building] INFO  o.e.m.c.i.embedder.EclipseLogger - Using 'UTF-8' encoding to copy filtered resources.
2021-02-11 10:54:34,419 [Worker-0: Building] INFO  o.e.m.c.i.embedder.EclipseLogger - skip non existing resourceDirectory C:\Users\cosmi\Desktop\Folders\00 Info\01 Acutal\04 TDS\02 Practicas\02 Practicas actual\tds\src\main\resources
2021-02-11 10:54:34,422 [Worker-0: Building] INFO  o.e.m.c.i.embedder.EclipseLogger - Using 'UTF-8' encoding to copy filtered resources.
2021-02-11 10:54:34,422 [Worker-0: Building] INFO  o.e.m.c.i.embedder.EclipseLogger - skip non existing resourceDirectory C:\Users\cosmi\Desktop\Folders\00 Info\01 Acutal\04 TDS\02 Practicas\02 Practicas actual\tds\src\test\resources
2021-02-11 10:54:47,656 [Worker-25: Building] INFO  o.e.m.c.i.embedder.EclipseLogger - Using 'UTF-8' encoding to copy filtered resources.
2021-02-11 10:54:47,656 [Worker-25: Building] INFO  o.e.m.c.i.embedder.EclipseLogger - skip non existing resourceDirectory C:\Users\cosmi\Desktop\Folders\00 Info\01 Acutal\04 TDS\02 Practicas\02 Practicas actual\tds\src\main\resources
2021-02-11 10:54:47,657 [Worker-25: Building] INFO  o.e.m.c.i.embedder.EclipseLogger - Using 'UTF-8' encoding to copy filtered resources.
2021-02-11 10:54:47,657 [Worker-25: Building] INFO  o.e.m.c.i.embedder.EclipseLogger - skip non existing resourceDirectory C:\Users\cosmi\Desktop\Folders\00 Info\01 Acutal\04 TDS\02 Practicas\02 Practicas actual\tds\src\test\resources
2021-02-11 10:54:54,977 [Worker-14: Building] INFO  o.e.m.c.i.embedder.EclipseLogger - Using 'UTF-8' encoding to copy filtered resources.
2021-02-11 10:54:54,977 [Worker-14: Building] INFO  o.e.m.c.i.embedder.EclipseLogger - skip non existing resourceDirectory C:\Users\cosmi\Desktop\Folders\00 Info\01 Acutal\04 TDS\02 Practicas\02 Practicas actual\tds\src\main\resources
2021-02-11 10:54:54,978 [Worker-14: Building] INFO  o.e.m.c.i.embedder.EclipseLogger - Using 'UTF-8' encoding to copy filtered resources.
2021-02-11 10:54:54,978 [Worker-14: Building] INFO  o.e.m.c.i.embedder.EclipseLogger - skip non existing resourceDirectory C:\Users\cosmi\Desktop\Folders\00 Info\01 Acutal\04 TDS\02 Practicas\02 Practicas actual\tds\src\test\resources
2021-02-11 10:55:01,533 [Worker-9: Building] INFO  o.e.m.c.i.embedder.EclipseLogger - Using 'UTF-8' encoding to copy filtered resources.
2021-02-11 10:55:01,533 [Worker-9: Building] INFO  o.e.m.c.i.embedder.EclipseLogger - skip non existing resourceDirectory C:\Users\cosmi\Desktop\Folders\00 Info\01 Acutal\04 TDS\02 Practicas\02 Practicas actual\tds\src\main\resources
2021-02-11 10:55:01,535 [Worker-9: Building] INFO  o.e.m.c.i.embedder.EclipseLogger - Using 'UTF-8' encoding to copy filtered resources.
2021-02-11 10:55:01,535 [Worker-9: Building] INFO  o.e.m.c.i.embedder.EclipseLogger - skip non existing resourceDirectory C:\Users\cosmi\Desktop\Folders\00 Info\01 Acutal\04 TDS\02 Practicas\02 Practicas actual\tds\src\test\resources
2021-02-11 10:55:11,294 [Worker-25: Building] INFO  o.e.m.c.i.embedder.EclipseLogger - Using 'UTF-8' encoding to copy filtered resources.
2021-02-11 10:55:11,295 [Worker-25: Building] INFO  o.e.m.c.i.embedder.EclipseLogger - skip non existing resourceDirectory C:\Users\cosmi\Desktop\Folders\00 Info\01 Acutal\04 TDS\02 Practicas\02 Practicas actual\tds\src\main\resources
2021-02-11 10:55:11,296 [Worker-25: Building] INFO  o.e.m.c.i.embedder.EclipseLogger - Using 'UTF-8' encoding to copy filtered resources.
2021-02-11 10:55:11,296 [Worker-25: Building] INFO  o.e.m.c.i.embedder.EclipseLogger - skip non existing resourceDirectory C:\Users\cosmi\Desktop\Folders\00 Info\01 Acutal\04 TDS\02 Practicas\02 Practicas actual\tds\src\test\resources
2021-02-11 10:55:22,281 [Worker-25: Building] INFO  o.e.m.c.i.embedder.EclipseLogger - Using 'UTF-8' encoding to copy filtered resources.
2021-02-11 10:55:22,281 [Worker-25: Building] INFO  o.e.m.c.i.embedder.EclipseLogger - skip non existing resourceDirectory C:\Users\cosmi\Desktop\Folders\00 Info\01 Acutal\04 TDS\02 Practicas\02 Practicas actual\tds\src\main\resources
2021-02-11 10:55:22,282 [Worker-25: Building] INFO  o.e.m.c.i.embedder.EclipseLogger - Using 'UTF-8' encoding to copy filtered resources.
2021-02-11 10:55:22,282 [Worker-25: Building] INFO  o.e.m.c.i.embedder.EclipseLogger - skip non existing resourceDirectory C:\Users\cosmi\Desktop\Folders\00 Info\01 Acutal\04 TDS\02 Practicas\02 Practicas actual\tds\src\test\resources
2021-02-11 10:58:58,126 [Worker-2: Building] INFO  o.e.m.c.i.embedder.EclipseLogger - Using 'UTF-8' encoding to copy filtered resources.
2021-02-11 10:58:58,127 [Worker-2: Building] INFO  o.e.m.c.i.embedder.EclipseLogger - skip non existing resourceDirectory C:\Users\cosmi\Desktop\Folders\00 Info\01 Acutal\04 TDS\02 Practicas\02 Practicas actual\tds\src\main\resources
2021-02-11 10:58:58,130 [Worker-2: Building] INFO  o.e.m.c.i.embedder.EclipseLogger - Using 'UTF-8' encoding to copy filtered resources.
2021-02-11 10:58:58,130 [Worker-2: Building] INFO  o.e.m.c.i.embedder.EclipseLogger - skip non existing resourceDirectory C:\Users\cosmi\Desktop\Folders\00 Info\01 Acutal\04 TDS\02 Practicas\02 Practicas actual\tds\src\test\resources
2021-02-11 10:59:09,722 [Worker-2: Building] INFO  o.e.m.c.i.embedder.EclipseLogger - Using 'UTF-8' encoding to copy filtered resources.
2021-02-11 10:59:09,722 [Worker-2: Building] INFO  o.e.m.c.i.embedder.EclipseLogger - skip non existing resourceDirectory C:\Users\cosmi\Desktop\Folders\00 Info\01 Acutal\04 TDS\02 Practicas\02 Practicas actual\tds\src\main\resources
2021-02-11 10:59:09,723 [Worker-2: Building] INFO  o.e.m.c.i.embedder.EclipseLogger - Using 'UTF-8' encoding to copy filtered resources.
2021-02-11 10:59:09,723 [Worker-2: Building] INFO  o.e.m.c.i.embedder.EclipseLogger - skip non existing resourceDirectory C:\Users\cosmi\Desktop\Folders\00 Info\01 Acutal\04 TDS\02 Practicas\02 Practicas actual\tds\src\test\resources
2021-02-11 10:59:13,504 [Worker-28: Building] INFO  o.e.m.c.i.embedder.EclipseLogger - Using 'UTF-8' encoding to copy filtered resources.
2021-02-11 10:59:13,504 [Worker-28: Building] INFO  o.e.m.c.i.embedder.EclipseLogger - skip non existing resourceDirectory C:\Users\cosmi\Desktop\Folders\00 Info\01 Acutal\04 TDS\02 Practicas\02 Practicas actual\tds\src\main\resources
2021-02-11 10:59:13,505 [Worker-28: Building] INFO  o.e.m.c.i.embedder.EclipseLogger - Using 'UTF-8' encoding to copy filtered resources.
2021-02-11 10:59:13,505 [Worker-28: Building] INFO  o.e.m.c.i.embedder.EclipseLogger - skip non existing resourceDirectory C:\Users\cosmi\Desktop\Folders\00 Info\01 Acutal\04 TDS\02 Practicas\02 Practicas actual\tds\src\test\resources
2021-02-11 10:59:17,116 [Worker-30: Building] INFO  o.e.m.c.i.embedder.EclipseLogger - Using 'UTF-8' encoding to copy filtered resources.
2021-02-11 10:59:17,116 [Worker-30: Building] INFO  o.e.m.c.i.embedder.EclipseLogger - skip non existing resourceDirectory C:\Users\cosmi\Desktop\Folders\00 Info\01 Acutal\04 TDS\02 Practicas\02 Practicas actual\tds\src\main\resources
2021-02-11 10:59:17,117 [Worker-30: Building] INFO  o.e.m.c.i.embedder.EclipseLogger - Using 'UTF-8' encoding to copy filtered resources.
2021-02-11 10:59:17,117 [Worker-30: Building] INFO  o.e.m.c.i.embedder.EclipseLogger - skip non existing resourceDirectory C:\Users\cosmi\Desktop\Folders\00 Info\01 Acutal\04 TDS\02 Practicas\02 Practicas actual\tds\src\test\resources
2021-02-11 10:59:20,266 [Worker-28: Building] INFO  o.e.m.c.i.embedder.EclipseLogger - Using 'UTF-8' encoding to copy filtered resources.
2021-02-11 10:59:20,266 [Worker-28: Building] INFO  o.e.m.c.i.embedder.EclipseLogger - skip non existing resourceDirectory C:\Users\cosmi\Desktop\Folders\00 Info\01 Acutal\04 TDS\02 Practicas\02 Practicas actual\tds\src\main\resources
2021-02-11 10:59:20,268 [Worker-28: Building] INFO  o.e.m.c.i.embedder.EclipseLogger - Using 'UTF-8' encoding to copy filtered resources.
2021-02-11 10:59:20,268 [Worker-28: Building] INFO  o.e.m.c.i.embedder.EclipseLogger - skip non existing resourceDirectory C:\Users\cosmi\Desktop\Folders\00 Info\01 Acutal\04 TDS\02 Practicas\02 Practicas actual\tds\src\test\resources
2021-02-11 10:59:23,320 [Worker-13: Building] INFO  o.e.m.c.i.embedder.EclipseLogger - Using 'UTF-8' encoding to copy filtered resources.
2021-02-11 10:59:23,320 [Worker-13: Building] INFO  o.e.m.c.i.embedder.EclipseLogger - skip non existing resourceDirectory C:\Users\cosmi\Desktop\Folders\00 Info\01 Acutal\04 TDS\02 Practicas\02 Practicas actual\tds\src\main\resources
2021-02-11 10:59:23,322 [Worker-13: Building] INFO  o.e.m.c.i.embedder.EclipseLogger - Using 'UTF-8' encoding to copy filtered resources.
2021-02-11 10:59:23,322 [Worker-13: Building] INFO  o.e.m.c.i.embedder.EclipseLogger - skip non existing resourceDirectory C:\Users\cosmi\Desktop\Folders\00 Info\01 Acutal\04 TDS\02 Practicas\02 Practicas actual\tds\src\test\resources
2021-02-11 10:59:25,732 [Worker-2: Building] INFO  o.e.m.c.i.embedder.EclipseLogger - Using 'UTF-8' encoding to copy filtered resources.
2021-02-11 10:59:25,732 [Worker-2: Building] INFO  o.e.m.c.i.embedder.EclipseLogger - skip non existing resourceDirectory C:\Users\cosmi\Desktop\Folders\00 Info\01 Acutal\04 TDS\02 Practicas\02 Practicas actual\tds\src\main\resources
2021-02-11 10:59:25,733 [Worker-2: Building] INFO  o.e.m.c.i.embedder.EclipseLogger - Using 'UTF-8' encoding to copy filtered resources.
2021-02-11 10:59:25,733 [Worker-2: Building] INFO  o.e.m.c.i.embedder.EclipseLogger - skip non existing resourceDirectory C:\Users\cosmi\Desktop\Folders\00 Info\01 Acutal\04 TDS\02 Practicas\02 Practicas actual\tds\src\test\resources
2021-02-11 10:59:28,474 [Worker-2: Building] INFO  o.e.m.c.i.embedder.EclipseLogger - Using 'UTF-8' encoding to copy filtered resources.
2021-02-11 10:59:28,474 [Worker-2: Building] INFO  o.e.m.c.i.embedder.EclipseLogger - skip non existing resourceDirectory C:\Users\cosmi\Desktop\Folders\00 Info\01 Acutal\04 TDS\02 Practicas\02 Practicas actual\tds\src\main\resources
2021-02-11 10:59:28,474 [Worker-2: Building] INFO  o.e.m.c.i.embedder.EclipseLogger - Using 'UTF-8' encoding to copy filtered resources.
2021-02-11 10:59:28,475 [Worker-2: Building] INFO  o.e.m.c.i.embedder.EclipseLogger - skip non existing resourceDirectory C:\Users\cosmi\Desktop\Folders\00 Info\01 Acutal\04 TDS\02 Practicas\02 Practicas actual\tds\src\test\resources
2021-02-11 10:59:31,837 [Worker-13: Building] INFO  o.e.m.c.i.embedder.EclipseLogger - Using 'UTF-8' encoding to copy filtered resources.
2021-02-11 10:59:31,838 [Worker-13: Building] INFO  o.e.m.c.i.embedder.EclipseLogger - skip non existing resourceDirectory C:\Users\cosmi\Desktop\Folders\00 Info\01 Acutal\04 TDS\02 Practicas\02 Practicas actual\tds\src\main\resources
2021-02-11 10:59:31,839 [Worker-13: Building] INFO  o.e.m.c.i.embedder.EclipseLogger - Using 'UTF-8' encoding to copy filtered resources.
2021-02-11 10:59:31,839 [Worker-13: Building] INFO  o.e.m.c.i.embedder.EclipseLogger - skip non existing resourceDirectory C:\Users\cosmi\Desktop\Folders\00 Info\01 Acutal\04 TDS\02 Practicas\02 Practicas actual\tds\src\test\resources
2021-02-11 10:59:42,718 [Worker-30: Building] INFO  o.e.m.c.i.embedder.EclipseLogger - Using 'UTF-8' encoding to copy filtered resources.
2021-02-11 10:59:42,719 [Worker-30: Building] INFO  o.e.m.c.i.embedder.EclipseLogger - skip non existing resourceDirectory C:\Users\cosmi\Desktop\Folders\00 Info\01 Acutal\04 TDS\02 Practicas\02 Practicas actual\tds\src\main\resources
2021-02-11 10:59:42,720 [Worker-30: Building] INFO  o.e.m.c.i.embedder.EclipseLogger - Using 'UTF-8' encoding to copy filtered resources.
2021-02-11 10:59:42,720 [Worker-30: Building] INFO  o.e.m.c.i.embedder.EclipseLogger - skip non existing resourceDirectory C:\Users\cosmi\Desktop\Folders\00 Info\01 Acutal\04 TDS\02 Practicas\02 Practicas actual\tds\src\test\resources
2021-02-11 10:59:52,591 [Worker-30: Building] INFO  o.e.m.c.i.embedder.EclipseLogger - Using 'UTF-8' encoding to copy filtered resources.
2021-02-11 10:59:52,591 [Worker-30: Building] INFO  o.e.m.c.i.embedder.EclipseLogger - skip non existing resourceDirectory C:\Users\cosmi\Desktop\Folders\00 Info\01 Acutal\04 TDS\02 Practicas\02 Practicas actual\tds\src\main\resources
2021-02-11 10:59:52,592 [Worker-30: Building] INFO  o.e.m.c.i.embedder.EclipseLogger - Using 'UTF-8' encoding to copy filtered resources.
2021-02-11 10:59:52,592 [Worker-30: Building] INFO  o.e.m.c.i.embedder.EclipseLogger - skip non existing resourceDirectory C:\Users\cosmi\Desktop\Folders\00 Info\01 Acutal\04 TDS\02 Practicas\02 Practicas actual\tds\src\test\resources
2021-02-11 11:00:02,681 [Worker-28: Building] INFO  o.e.m.c.i.embedder.EclipseLogger - Using 'UTF-8' encoding to copy filtered resources.
2021-02-11 11:00:02,682 [Worker-28: Building] INFO  o.e.m.c.i.embedder.EclipseLogger - skip non existing resourceDirectory C:\Users\cosmi\Desktop\Folders\00 Info\01 Acutal\04 TDS\02 Practicas\02 Practicas actual\tds\src\main\resources
2021-02-11 11:00:02,683 [Worker-28: Building] INFO  o.e.m.c.i.embedder.EclipseLogger - Using 'UTF-8' encoding to copy filtered resources.
2021-02-11 11:00:02,683 [Worker-28: Building] INFO  o.e.m.c.i.embedder.EclipseLogger - skip non existing resourceDirectory C:\Users\cosmi\Desktop\Folders\00 Info\01 Acutal\04 TDS\02 Practicas\02 Practicas actual\tds\src\test\resources
2021-02-11 11:00:10,009 [Worker-30: Building] INFO  o.e.m.c.i.embedder.EclipseLogger - Using 'UTF-8' encoding to copy filtered resources.
2021-02-11 11:00:10,010 [Worker-30: Building] INFO  o.e.m.c.i.embedder.EclipseLogger - skip non existing resourceDirectory C:\Users\cosmi\Desktop\Folders\00 Info\01 Acutal\04 TDS\02 Practicas\02 Practicas actual\tds\src\main\resources
2021-02-11 11:00:10,011 [Worker-30: Building] INFO  o.e.m.c.i.embedder.EclipseLogger - Using 'UTF-8' encoding to copy filtered resources.
2021-02-11 11:00:10,011 [Worker-30: Building] INFO  o.e.m.c.i.embedder.EclipseLogger - skip non existing resourceDirectory C:\Users\cosmi\Desktop\Folders\00 Info\01 Acutal\04 TDS\02 Practicas\02 Practicas actual\tds\src\test\resources
2021-02-11 11:00:15,155 [Worker-28: Building] INFO  o.e.m.c.i.embedder.EclipseLogger - Using 'UTF-8' encoding to copy filtered resources.
2021-02-11 11:00:15,155 [Worker-28: Building] INFO  o.e.m.c.i.embedder.EclipseLogger - skip non existing resourceDirectory C:\Users\cosmi\Desktop\Folders\00 Info\01 Acutal\04 TDS\02 Practicas\02 Practicas actual\tds\src\main\resources
2021-02-11 11:00:15,156 [Worker-28: Building] INFO  o.e.m.c.i.embedder.EclipseLogger - Using 'UTF-8' encoding to copy filtered resources.
2021-02-11 11:00:15,156 [Worker-28: Building] INFO  o.e.m.c.i.embedder.EclipseLogger - skip non existing resourceDirectory C:\Users\cosmi\Desktop\Folders\00 Info\01 Acutal\04 TDS\02 Practicas\02 Practicas actual\tds\src\test\resources
2021-02-11 11:00:25,116 [Worker-13: Building] INFO  o.e.m.c.i.embedder.EclipseLogger - Using 'UTF-8' encoding to copy filtered resources.
2021-02-11 11:00:25,116 [Worker-13: Building] INFO  o.e.m.c.i.embedder.EclipseLogger - skip non existing resourceDirectory C:\Users\cosmi\Desktop\Folders\00 Info\01 Acutal\04 TDS\02 Practicas\02 Practicas actual\tds\src\main\resources
2021-02-11 11:00:25,117 [Worker-13: Building] INFO  o.e.m.c.i.embedder.EclipseLogger - Using 'UTF-8' encoding to copy filtered resources.
2021-02-11 11:00:25,117 [Worker-13: Building] INFO  o.e.m.c.i.embedder.EclipseLogger - skip non existing resourceDirectory C:\Users\cosmi\Desktop\Folders\00 Info\01 Acutal\04 TDS\02 Practicas\02 Practicas actual\tds\src\test\resources
2021-02-11 11:00:34,420 [Worker-28: Building] INFO  o.e.m.c.i.embedder.EclipseLogger - Using 'UTF-8' encoding to copy filtered resources.
2021-02-11 11:00:34,420 [Worker-28: Building] INFO  o.e.m.c.i.embedder.EclipseLogger - skip non existing resourceDirectory C:\Users\cosmi\Desktop\Folders\00 Info\01 Acutal\04 TDS\02 Practicas\02 Practicas actual\tds\src\main\resources
2021-02-11 11:00:34,421 [Worker-28: Building] INFO  o.e.m.c.i.embedder.EclipseLogger - Using 'UTF-8' encoding to copy filtered resources.
2021-02-11 11:00:34,421 [Worker-28: Building] INFO  o.e.m.c.i.embedder.EclipseLogger - skip non existing resourceDirectory C:\Users\cosmi\Desktop\Folders\00 Info\01 Acutal\04 TDS\02 Practicas\02 Practicas actual\tds\src\test\resources
2021-02-11 11:24:20,762 [Worker-32: Building] INFO  o.e.m.c.i.l.LifecycleMappingFactory - Using org.eclipse.m2e.jdt.JarLifecycleMapping lifecycle mapping for MavenProject: umu:tds:0.0.1-SNAPSHOT @ C:\Users\cosmi\Desktop\Folders\00 Info\01 Acutal\04 TDS\02 Practicas\02 Practicas actual\tds\pom.xml.
2021-02-11 11:24:21,209 [Worker-32: Building] INFO  o.e.m.c.i.embedder.EclipseLogger - Using 'UTF-8' encoding to copy filtered resources.
2021-02-11 11:24:21,210 [Worker-32: Building] INFO  o.e.m.c.i.embedder.EclipseLogger - skip non existing resourceDirectory C:\Users\cosmi\Desktop\Folders\00 Info\01 Acutal\04 TDS\02 Practicas\02 Practicas actual\tds\src\main\resources
2021-02-11 11:24:21,212 [Worker-32: Building] INFO  o.e.m.c.i.embedder.EclipseLogger - Using 'UTF-8' encoding to copy filtered resources.
2021-02-11 11:24:21,212 [Worker-32: Building] INFO  o.e.m.c.i.embedder.EclipseLogger - skip non existing resourceDirectory C:\Users\cosmi\Desktop\Folders\00 Info\01 Acutal\04 TDS\02 Practicas\02 Practicas actual\tds\src\test\resources
2021-02-11 11:24:56,894 [Worker-33: Building] INFO  o.e.m.c.i.l.LifecycleMappingFactory - Using org.eclipse.m2e.jdt.JarLifecycleMapping lifecycle mapping for MavenProject: umu:tds:0.0.1-SNAPSHOT @ C:\Users\cosmi\Desktop\Folders\00 Info\01 Acutal\04 TDS\02 Practicas\02 Practicas actual\tds\pom.xml.
2021-02-11 11:24:57,118 [Worker-33: Building] INFO  o.e.m.c.i.embedder.EclipseLogger - Using 'UTF-8' encoding to copy filtered resources.
2021-02-11 11:24:57,118 [Worker-33: Building] INFO  o.e.m.c.i.embedder.EclipseLogger - skip non existing resourceDirectory C:\Users\cosmi\Desktop\Folders\00 Info\01 Acutal\04 TDS\02 Practicas\02 Practicas actual\tds\src\main\resources
2021-02-11 11:24:57,121 [Worker-33: Building] INFO  o.e.m.c.i.embedder.EclipseLogger - Using 'UTF-8' encoding to copy filtered resources.
2021-02-11 11:24:57,122 [Worker-33: Building] INFO  o.e.m.c.i.embedder.EclipseLogger - skip non existing resourceDirectory C:\Users\cosmi\Desktop\Folders\00 Info\01 Acutal\04 TDS\02 Practicas\02 Practicas actual\tds\src\test\resources
2021-02-11 11:42:36,317 [Worker-41: Building] INFO  o.e.m.c.i.l.LifecycleMappingFactory - Using org.eclipse.m2e.jdt.JarLifecycleMapping lifecycle mapping for MavenProject: PRACTICAS:TDS:0.0.1-SNAPSHOT @ C:\Users\cosmi\Desktop\Folders\00 Info\01 Acutal\04 TDS\02 Practicas\02 Practicas actual\tds\pom.xml.
2021-02-11 11:42:36,578 [Worker-41: Building] INFO  o.e.m.c.i.embedder.EclipseLogger - Using 'UTF-8' encoding to copy filtered resources.
2021-02-11 11:42:36,578 [Worker-41: Building] INFO  o.e.m.c.i.embedder.EclipseLogger - skip non existing resourceDirectory C:\Users\cosmi\Desktop\Folders\00 Info\01 Acutal\04 TDS\02 Practicas\02 Practicas actual\tds\src\main\resources
2021-02-11 11:42:36,580 [Worker-41: Building] INFO  o.e.m.c.i.embedder.EclipseLogger - Using 'UTF-8' encoding to copy filtered resources.
2021-02-11 11:42:36,580 [Worker-41: Building] INFO  o.e.m.c.i.embedder.EclipseLogger - skip non existing resourceDirectory C:\Users\cosmi\Desktop\Folders\00 Info\01 Acutal\04 TDS\02 Practicas\02 Practicas actual\tds\src\test\resources
2021-02-11 11:42:45,096 [main] INFO  o.e.m2e.actions.ExecutePomAction - Creating new launch configuration
2021-02-11 11:42:49,780 [Worker-35: Launching tds] INFO  o.e.m.i.launch.MavenLaunchDelegate - C:\Users\cosmi\Desktop\Folders\00 Info\01 Acutal\04 TDS\02 Practicas\02 Practicas actual\tds
2021-02-11 11:42:49,781 [Worker-35: Launching tds] INFO  o.e.m.i.launch.MavenLaunchDelegate -  mvn -B 
2021-02-11 11:43:03,197 [Worker-40: Building] INFO  o.e.m.c.i.l.LifecycleMappingFactory - Using org.eclipse.m2e.jdt.JarLifecycleMapping lifecycle mapping for MavenProject: umu:tds:0.0.1-SNAPSHOT @ C:\Users\cosmi\Desktop\Folders\00 Info\01 Acutal\04 TDS\02 Practicas\02 Practicas actual\tds\pom.xml.
2021-02-11 11:43:03,327 [Worker-40: Building] INFO  o.e.m.c.i.embedder.EclipseLogger - Using 'UTF-8' encoding to copy filtered resources.
2021-02-11 11:43:03,328 [Worker-40: Building] INFO  o.e.m.c.i.embedder.EclipseLogger - skip non existing resourceDirectory C:\Users\cosmi\Desktop\Folders\00 Info\01 Acutal\04 TDS\02 Practicas\02 Practicas actual\tds\src\main\resources
2021-02-11 11:43:03,329 [Worker-40: Building] INFO  o.e.m.c.i.embedder.EclipseLogger - Using 'UTF-8' encoding to copy filtered resources.
2021-02-11 11:43:03,329 [Worker-40: Building] INFO  o.e.m.c.i.embedder.EclipseLogger - skip non existing resourceDirectory C:\Users\cosmi\Desktop\Folders\00 Info\01 Acutal\04 TDS\02 Practicas\02 Practicas actual\tds\src\test\resources
2021-02-11 11:43:06,421 [main] INFO  o.e.m2e.actions.ExecutePomAction - Using existing launch configuration
2021-02-11 11:43:08,256 [Worker-40: Launching tds] INFO  o.e.m.i.launch.MavenLaunchDelegate - C:\Users\cosmi\Desktop\Folders\00 Info\01 Acutal\04 TDS\02 Practicas\02 Practicas actual\tds
2021-02-11 11:43:08,256 [Worker-40: Launching tds] INFO  o.e.m.i.launch.MavenLaunchDelegate -  mvn -B 
2021-02-11 11:44:17,950 [Worker-40: Building] INFO  o.e.m.c.i.embedder.EclipseLogger - Using 'UTF-8' encoding to copy filtered resources.
2021-02-11 11:44:17,950 [Worker-40: Building] INFO  o.e.m.c.i.embedder.EclipseLogger - skip non existing resourceDirectory C:\Users\cosmi\Desktop\Folders\00 Info\01 Acutal\04 TDS\02 Practicas\02 Practicas actual\tds\src\main\resources
2021-02-11 11:44:17,950 [Worker-40: Building] INFO  o.e.m.c.i.embedder.EclipseLogger - Using 'UTF-8' encoding to copy filtered resources.
2021-02-11 11:44:17,951 [Worker-40: Building] INFO  o.e.m.c.i.embedder.EclipseLogger - skip non existing resourceDirectory C:\Users\cosmi\Desktop\Folders\00 Info\01 Acutal\04 TDS\02 Practicas\02 Practicas actual\tds\src\test\resources
2021-02-11 11:44:38,269 [Worker-41: Building] INFO  o.e.m.c.i.embedder.EclipseLogger - Using 'UTF-8' encoding to copy filtered resources.
2021-02-11 11:44:38,269 [Worker-41: Building] INFO  o.e.m.c.i.embedder.EclipseLogger - skip non existing resourceDirectory C:\Users\cosmi\Desktop\Folders\00 Info\01 Acutal\04 TDS\02 Practicas\02 Practicas actual\tds\src\main\resources
2021-02-11 11:44:38,270 [Worker-41: Building] INFO  o.e.m.c.i.embedder.EclipseLogger - Using 'UTF-8' encoding to copy filtered resources.
2021-02-11 11:44:38,270 [Worker-41: Building] INFO  o.e.m.c.i.embedder.EclipseLogger - skip non existing resourceDirectory C:\Users\cosmi\Desktop\Folders\00 Info\01 Acutal\04 TDS\02 Practicas\02 Practicas actual\tds\src\test\resources
2021-02-11 11:45:48,997 [Worker-35: Building] INFO  o.e.m.c.i.embedder.EclipseLogger - Using 'UTF-8' encoding to copy filtered resources.
2021-02-11 11:45:48,997 [Worker-35: Building] INFO  o.e.m.c.i.embedder.EclipseLogger - skip non existing resourceDirectory C:\Users\cosmi\Desktop\Folders\00 Info\01 Acutal\04 TDS\02 Practicas\02 Practicas actual\tds\src\main\resources
2021-02-11 11:45:48,998 [Worker-35: Building] INFO  o.e.m.c.i.embedder.EclipseLogger - Using 'UTF-8' encoding to copy filtered resources.
2021-02-11 11:45:48,998 [Worker-35: Building] INFO  o.e.m.c.i.embedder.EclipseLogger - skip non existing resourceDirectory C:\Users\cosmi\Desktop\Folders\00 Info\01 Acutal\04 TDS\02 Practicas\02 Practicas actual\tds\src\test\resources
2021-02-11 11:46:21,609 [Worker-0: Loading available Gradle versions] INFO  o.e.b.c.i.u.g.PublishedGradleVersions - Gradle version information cache is up-to-date. Trying to read.
2021-02-11 11:48:06,207 [main] INFO  o.e.m2e.actions.ExecutePomAction - Using existing launch configuration
2021-02-11 11:48:07,975 [Worker-20: Launching tds] INFO  o.e.m.i.launch.MavenLaunchDelegate - C:\Users\cosmi\Desktop\Folders\00 Info\01 Acutal\04 TDS\02 Practicas\02 Practicas actual\tds
2021-02-11 11:48:07,976 [Worker-20: Launching tds] INFO  o.e.m.i.launch.MavenLaunchDelegate -  mvn -B 
2021-02-11 11:49:08,610 [Worker-5: Building] INFO  o.e.m.c.i.l.LifecycleMappingFactory - Using org.eclipse.m2e.jdt.JarLifecycleMapping lifecycle mapping for MavenProject: PRACTICAS:TDS:0.0.1-SNAPSHOT @ C:\Users\cosmi\Desktop\Folders\00 Info\01 Acutal\04 TDS\02 Practicas\02 Practicas actual\tds\pom.xml.
2021-02-11 11:49:08,884 [Worker-5: Building] INFO  o.e.m.c.i.embedder.EclipseLogger - Using 'UTF-8' encoding to copy filtered resources.
2021-02-11 11:49:08,885 [Worker-5: Building] INFO  o.e.m.c.i.embedder.EclipseLogger - skip non existing resourceDirectory C:\Users\cosmi\Desktop\Folders\00 Info\01 Acutal\04 TDS\02 Practicas\02 Practicas actual\tds\src\main\resources
2021-02-11 11:49:08,886 [Worker-5: Building] INFO  o.e.m.c.i.embedder.EclipseLogger - Using 'UTF-8' encoding to copy filtered resources.
2021-02-11 11:49:08,887 [Worker-5: Building] INFO  o.e.m.c.i.embedder.EclipseLogger - skip non existing resourceDirectory C:\Users\cosmi\Desktop\Folders\00 Info\01 Acutal\04 TDS\02 Practicas\02 Practicas actual\tds\src\test\resources
2021-02-11 11:49:21,253 [main] INFO  o.e.m2e.actions.ExecutePomAction - Using existing launch configuration
2021-02-11 11:49:22,568 [Worker-13: Launching tds] INFO  o.e.m.i.launch.MavenLaunchDelegate - C:\Users\cosmi\Desktop\Folders\00 Info\01 Acutal\04 TDS\02 Practicas\02 Practicas actual\tds
2021-02-11 11:49:22,568 [Worker-13: Launching tds] INFO  o.e.m.i.launch.MavenLaunchDelegate -  mvn -B 
2021-02-11 11:49:36,611 [Worker-15: Building] INFO  o.e.m.c.i.l.LifecycleMappingFactory - Using org.eclipse.m2e.jdt.JarLifecycleMapping lifecycle mapping for MavenProject: PRACTICAS:TDS:0.0.1-SNAPSHOT @ C:\Users\cosmi\Desktop\Folders\00 Info\01 Acutal\04 TDS\02 Practicas\02 Practicas actual\tds\pom.xml.
2021-02-11 11:49:36,760 [Worker-15: Building] INFO  o.e.m.c.i.embedder.EclipseLogger - Using 'UTF-8' encoding to copy filtered resources.
2021-02-11 11:49:36,760 [Worker-15: Building] INFO  o.e.m.c.i.embedder.EclipseLogger - skip non existing resourceDirectory C:\Users\cosmi\Desktop\Folders\00 Info\01 Acutal\04 TDS\02 Practicas\02 Practicas actual\tds\src\main\resources
2021-02-11 11:49:36,762 [Worker-15: Building] INFO  o.e.m.c.i.embedder.EclipseLogger - Using 'UTF-8' encoding to copy filtered resources.
2021-02-11 11:49:36,762 [Worker-15: Building] INFO  o.e.m.c.i.embedder.EclipseLogger - skip non existing resourceDirectory C:\Users\cosmi\Desktop\Folders\00 Info\01 Acutal\04 TDS\02 Practicas\02 Practicas actual\tds\src\test\resources
2021-02-11 11:51:47,166 [Worker-0: Building] INFO  o.e.m.c.i.embedder.EclipseLogger - Using 'UTF-8' encoding to copy filtered resources.
2021-02-11 11:51:47,167 [Worker-0: Building] INFO  o.e.m.c.i.embedder.EclipseLogger - skip non existing resourceDirectory C:\Users\cosmi\Desktop\Folders\00 Info\01 Acutal\04 TDS\02 Practicas\02 Practicas actual\tds\src\main\resources
2021-02-11 11:51:47,168 [Worker-0: Building] INFO  o.e.m.c.i.embedder.EclipseLogger - Using 'UTF-8' encoding to copy filtered resources.
2021-02-11 11:51:47,169 [Worker-0: Building] INFO  o.e.m.c.i.embedder.EclipseLogger - skip non existing resourceDirectory C:\Users\cosmi\Desktop\Folders\00 Info\01 Acutal\04 TDS\02 Practicas\02 Practicas actual\tds\src\test\resources
2021-02-11 11:52:25,488 [Worker-0: Building] INFO  o.e.m.c.i.embedder.EclipseLogger - Using 'UTF-8' encoding to copy filtered resources.
2021-02-11 11:52:25,488 [Worker-0: Building] INFO  o.e.m.c.i.embedder.EclipseLogger - skip non existing resourceDirectory C:\Users\cosmi\Desktop\Folders\00 Info\01 Acutal\04 TDS\02 Practicas\02 Practicas actual\tds\src\main\resources
2021-02-11 11:52:25,489 [Worker-0: Building] INFO  o.e.m.c.i.embedder.EclipseLogger - Using 'UTF-8' encoding to copy filtered resources.
2021-02-11 11:52:25,489 [Worker-0: Building] INFO  o.e.m.c.i.embedder.EclipseLogger - skip non existing resourceDirectory C:\Users\cosmi\Desktop\Folders\00 Info\01 Acutal\04 TDS\02 Practicas\02 Practicas actual\tds\src\test\resources
2021-02-11 11:52:34,066 [main] INFO  o.e.m2e.actions.ExecutePomAction - Using existing launch configuration
2021-02-11 11:52:47,990 [main] INFO  o.e.m.c.i.l.LifecycleMappingFactory - Using org.eclipse.m2e.jdt.JarLifecycleMapping lifecycle mapping for MavenProject: PRACTICAS:TDS:0.0.1-SNAPSHOT @ C:\Users\cosmi\Desktop\Folders\00 Info\01 Acutal\04 TDS\02 Practicas\02 Practicas actual\tds\pom.xml.
2021-02-11 11:53:19,429 [Worker-2: Building] INFO  o.e.m.c.i.l.LifecycleMappingFactory - Using org.eclipse.m2e.jdt.JarLifecycleMapping lifecycle mapping for MavenProject: umu:tds:0.0.1-SNAPSHOT @ C:\Users\cosmi\Desktop\Folders\00 Info\01 Acutal\04 TDS\02 Practicas\02 Practicas actual\tds\pom.xml.
2021-02-11 11:53:19,614 [Worker-2: Building] INFO  o.e.m.c.i.embedder.EclipseLogger - Using 'UTF-8' encoding to copy filtered resources.
2021-02-11 11:53:19,614 [Worker-2: Building] INFO  o.e.m.c.i.embedder.EclipseLogger - skip non existing resourceDirectory C:\Users\cosmi\Desktop\Folders\00 Info\01 Acutal\04 TDS\02 Practicas\02 Practicas actual\tds\src\main\resources
2021-02-11 11:53:19,615 [Worker-2: Building] INFO  o.e.m.c.i.embedder.EclipseLogger - Using 'UTF-8' encoding to copy filtered resources.
2021-02-11 11:53:19,615 [Worker-2: Building] INFO  o.e.m.c.i.embedder.EclipseLogger - skip non existing resourceDirectory C:\Users\cosmi\Desktop\Folders\00 Info\01 Acutal\04 TDS\02 Practicas\02 Practicas actual\tds\src\test\resources
2021-02-11 11:53:35,957 [Worker-9: Building] INFO  o.e.m.c.i.l.LifecycleMappingFactory - Using org.eclipse.m2e.jdt.JarLifecycleMapping lifecycle mapping for MavenProject: UMU:TDS:0.0.1-SNAPSHOT @ C:\Users\cosmi\Desktop\Folders\00 Info\01 Acutal\04 TDS\02 Practicas\02 Practicas actual\tds\pom.xml.
2021-02-11 11:53:36,211 [Worker-9: Building] INFO  o.e.m.c.i.embedder.EclipseLogger - Using 'UTF-8' encoding to copy filtered resources.
2021-02-11 11:53:36,211 [Worker-9: Building] INFO  o.e.m.c.i.embedder.EclipseLogger - skip non existing resourceDirectory C:\Users\cosmi\Desktop\Folders\00 Info\01 Acutal\04 TDS\02 Practicas\02 Practicas actual\tds\src\main\resources
2021-02-11 11:53:36,212 [Worker-9: Building] INFO  o.e.m.c.i.embedder.EclipseLogger - Using 'UTF-8' encoding to copy filtered resources.
2021-02-11 11:53:36,212 [Worker-9: Building] INFO  o.e.m.c.i.embedder.EclipseLogger - skip non existing resourceDirectory C:\Users\cosmi\Desktop\Folders\00 Info\01 Acutal\04 TDS\02 Practicas\02 Practicas actual\tds\src\test\resources
2021-02-11 11:53:58,971 [Worker-0: Building] INFO  o.e.m.c.i.l.LifecycleMappingFactory - Using org.eclipse.m2e.jdt.JarLifecycleMapping lifecycle mapping for MavenProject: PRACTICAS:TDS:0.0.1-SNAPSHOT @ C:\Users\cosmi\Desktop\Folders\00 Info\01 Acutal\04 TDS\02 Practicas\02 Practicas actual\tds\pom.xml.
2021-02-11 11:53:59,166 [Worker-0: Building] INFO  o.e.m.c.i.embedder.EclipseLogger - Using 'UTF-8' encoding to copy filtered resources.
2021-02-11 11:53:59,166 [Worker-0: Building] INFO  o.e.m.c.i.embedder.EclipseLogger - skip non existing resourceDirectory C:\Users\cosmi\Desktop\Folders\00 Info\01 Acutal\04 TDS\02 Practicas\02 Practicas actual\tds\src\main\resources
2021-02-11 11:53:59,168 [Worker-0: Building] INFO  o.e.m.c.i.embedder.EclipseLogger - Using 'UTF-8' encoding to copy filtered resources.
2021-02-11 11:53:59,168 [Worker-0: Building] INFO  o.e.m.c.i.embedder.EclipseLogger - skip non existing resourceDirectory C:\Users\cosmi\Desktop\Folders\00 Info\01 Acutal\04 TDS\02 Practicas\02 Practicas actual\tds\src\test\resources
2021-02-11 11:54:40,709 [Worker-5: Building] INFO  o.e.m.c.i.l.LifecycleMappingFactory - Using org.eclipse.m2e.jdt.JarLifecycleMapping lifecycle mapping for MavenProject: umu:tds:0.0.1-SNAPSHOT @ C:\Users\cosmi\Desktop\Folders\00 Info\01 Acutal\04 TDS\02 Practicas\02 Practicas actual\tds\pom.xml.
2021-02-11 11:54:40,881 [Worker-5: Building] INFO  o.e.m.c.i.embedder.EclipseLogger - Using 'UTF-8' encoding to copy filtered resources.
2021-02-11 11:54:40,882 [Worker-5: Building] INFO  o.e.m.c.i.embedder.EclipseLogger - skip non existing resourceDirectory C:\Users\cosmi\Desktop\Folders\00 Info\01 Acutal\04 TDS\02 Practicas\02 Practicas actual\tds\src\main\resources
2021-02-11 11:54:40,883 [Worker-5: Building] INFO  o.e.m.c.i.embedder.EclipseLogger - Using 'UTF-8' encoding to copy filtered resources.
2021-02-11 11:54:40,883 [Worker-5: Building] INFO  o.e.m.c.i.embedder.EclipseLogger - skip non existing resourceDirectory C:\Users\cosmi\Desktop\Folders\00 Info\01 Acutal\04 TDS\02 Practicas\02 Practicas actual\tds\src\test\resources
2021-02-11 11:55:31,530 [Worker-5: Building] INFO  o.e.m.c.i.l.LifecycleMappingFactory - Using org.eclipse.m2e.jdt.JarLifecycleMapping lifecycle mapping for MavenProject: umu:tds:0.0.1-SNAPSHOT @ C:\Users\cosmi\Desktop\Folders\00 Info\01 Acutal\04 TDS\02 Practicas\02 Practicas actual\tds\pom.xml.
2021-02-11 11:55:31,646 [Worker-5: Building] INFO  o.e.m.c.i.embedder.EclipseLogger - Using 'UTF-8' encoding to copy filtered resources.
2021-02-11 11:55:31,646 [Worker-5: Building] INFO  o.e.m.c.i.embedder.EclipseLogger - skip non existing resourceDirectory C:\Users\cosmi\Desktop\Folders\00 Info\01 Acutal\04 TDS\02 Practicas\02 Practicas actual\tds\src\main\resources
2021-02-11 11:55:31,647 [Worker-5: Building] INFO  o.e.m.c.i.embedder.EclipseLogger - Using 'UTF-8' encoding to copy filtered resources.
2021-02-11 11:55:31,647 [Worker-5: Building] INFO  o.e.m.c.i.embedder.EclipseLogger - skip non existing resourceDirectory C:\Users\cosmi\Desktop\Folders\00 Info\01 Acutal\04 TDS\02 Practicas\02 Practicas actual\tds\src\test\resources
2021-02-11 11:55:48,860 [Worker-3: Building] INFO  o.e.m.c.i.l.LifecycleMappingFactory - Using org.eclipse.m2e.jdt.JarLifecycleMapping lifecycle mapping for MavenProject: umu:tds:0.0.1-SNAPSHOT @ C:\Users\cosmi\Desktop\Folders\00 Info\01 Acutal\04 TDS\02 Practicas\02 Practicas actual\tds\pom.xml.
2021-02-11 11:55:48,953 [Worker-3: Building] INFO  o.e.m.c.i.embedder.EclipseLogger - Using 'UTF-8' encoding to copy filtered resources.
2021-02-11 11:55:48,953 [Worker-3: Building] INFO  o.e.m.c.i.embedder.EclipseLogger - skip non existing resourceDirectory C:\Users\cosmi\Desktop\Folders\00 Info\01 Acutal\04 TDS\02 Practicas\02 Practicas actual\tds\src\main\resources
2021-02-11 11:55:48,955 [Worker-3: Building] INFO  o.e.m.c.i.embedder.EclipseLogger - Using 'UTF-8' encoding to copy filtered resources.
2021-02-11 11:55:48,955 [Worker-3: Building] INFO  o.e.m.c.i.embedder.EclipseLogger - skip non existing resourceDirectory C:\Users\cosmi\Desktop\Folders\00 Info\01 Acutal\04 TDS\02 Practicas\02 Practicas actual\tds\src\test\resources
2021-02-11 11:55:50,805 [Worker-0: Building] INFO  o.e.m.c.i.embedder.EclipseLogger - Using 'UTF-8' encoding to copy filtered resources.
2021-02-11 11:55:50,805 [Worker-0: Building] INFO  o.e.m.c.i.embedder.EclipseLogger - skip non existing resourceDirectory C:\Users\cosmi\Desktop\Folders\00 Info\01 Acutal\04 TDS\02 Practicas\02 Practicas actual\tds\src\main\resources
2021-02-11 11:55:50,806 [Worker-0: Building] INFO  o.e.m.c.i.embedder.EclipseLogger - Using 'UTF-8' encoding to copy filtered resources.
2021-02-11 11:55:50,806 [Worker-0: Building] INFO  o.e.m.c.i.embedder.EclipseLogger - skip non existing resourceDirectory C:\Users\cosmi\Desktop\Folders\00 Info\01 Acutal\04 TDS\02 Practicas\02 Practicas actual\tds\src\test\resources
2021-02-11 11:56:10,135 [Worker-5: Building] INFO  o.e.m.c.i.l.LifecycleMappingFactory - Using org.eclipse.m2e.jdt.JarLifecycleMapping lifecycle mapping for MavenProject: umu:tds:0.0.1-SNAPSHOT @ C:\Users\cosmi\Desktop\Folders\00 Info\01 Acutal\04 TDS\02 Practicas\02 Practicas actual\tds\pom.xml.
2021-02-11 11:56:10,243 [Worker-5: Building] INFO  o.e.m.c.i.embedder.EclipseLogger - Using 'UTF-8' encoding to copy filtered resources.
2021-02-11 11:56:10,243 [Worker-5: Building] INFO  o.e.m.c.i.embedder.EclipseLogger - skip non existing resourceDirectory C:\Users\cosmi\Desktop\Folders\00 Info\01 Acutal\04 TDS\02 Practicas\02 Practicas actual\tds\src\main\resources
2021-02-11 11:56:10,245 [Worker-5: Building] INFO  o.e.m.c.i.embedder.EclipseLogger - Using 'UTF-8' encoding to copy filtered resources.
2021-02-11 11:56:10,245 [Worker-5: Building] INFO  o.e.m.c.i.embedder.EclipseLogger - skip non existing resourceDirectory C:\Users\cosmi\Desktop\Folders\00 Info\01 Acutal\04 TDS\02 Practicas\02 Practicas actual\tds\src\test\resources
2021-02-11 11:56:11,604 [Worker-0: Building] INFO  o.e.m.c.i.embedder.EclipseLogger - Using 'UTF-8' encoding to copy filtered resources.
2021-02-11 11:56:11,604 [Worker-0: Building] INFO  o.e.m.c.i.embedder.EclipseLogger - skip non existing resourceDirectory C:\Users\cosmi\Desktop\Folders\00 Info\01 Acutal\04 TDS\02 Practicas\02 Practicas actual\tds\src\main\resources
2021-02-11 11:56:11,605 [Worker-0: Building] INFO  o.e.m.c.i.embedder.EclipseLogger - Using 'UTF-8' encoding to copy filtered resources.
2021-02-11 11:56:11,605 [Worker-0: Building] INFO  o.e.m.c.i.embedder.EclipseLogger - skip non existing resourceDirectory C:\Users\cosmi\Desktop\Folders\00 Info\01 Acutal\04 TDS\02 Practicas\02 Practicas actual\tds\src\test\resources
2021-02-11 11:56:20,344 [Worker-2: Building] INFO  o.e.m.c.i.l.LifecycleMappingFactory - Using org.eclipse.m2e.jdt.JarLifecycleMapping lifecycle mapping for MavenProject: umu:tds:0.0.1-SNAPSHOT @ C:\Users\cosmi\Desktop\Folders\00 Info\01 Acutal\04 TDS\02 Practicas\02 Practicas actual\tds\pom.xml.
2021-02-11 11:56:20,453 [Worker-2: Building] INFO  o.e.m.c.i.embedder.EclipseLogger - Using 'UTF-8' encoding to copy filtered resources.
2021-02-11 11:56:20,453 [Worker-2: Building] INFO  o.e.m.c.i.embedder.EclipseLogger - skip non existing resourceDirectory C:\Users\cosmi\Desktop\Folders\00 Info\01 Acutal\04 TDS\02 Practicas\02 Practicas actual\tds\src\main\resources
2021-02-11 11:56:20,454 [Worker-2: Building] INFO  o.e.m.c.i.embedder.EclipseLogger - Using 'UTF-8' encoding to copy filtered resources.
2021-02-11 11:56:20,455 [Worker-2: Building] INFO  o.e.m.c.i.embedder.EclipseLogger - skip non existing resourceDirectory C:\Users\cosmi\Desktop\Folders\00 Info\01 Acutal\04 TDS\02 Practicas\02 Practicas actual\tds\src\test\resources
2021-02-11 11:56:21,832 [Worker-3: Building] INFO  o.e.m.c.i.embedder.EclipseLogger - Using 'UTF-8' encoding to copy filtered resources.
2021-02-11 11:56:21,833 [Worker-3: Building] INFO  o.e.m.c.i.embedder.EclipseLogger - skip non existing resourceDirectory C:\Users\cosmi\Desktop\Folders\00 Info\01 Acutal\04 TDS\02 Practicas\02 Practicas actual\tds\src\main\resources
2021-02-11 11:56:21,833 [Worker-3: Building] INFO  o.e.m.c.i.embedder.EclipseLogger - Using 'UTF-8' encoding to copy filtered resources.
2021-02-11 11:56:21,833 [Worker-3: Building] INFO  o.e.m.c.i.embedder.EclipseLogger - skip non existing resourceDirectory C:\Users\cosmi\Desktop\Folders\00 Info\01 Acutal\04 TDS\02 Practicas\02 Practicas actual\tds\src\test\resources
2021-02-11 11:56:27,955 [Worker-5: Building] INFO  o.e.m.c.i.l.LifecycleMappingFactory - Using org.eclipse.m2e.jdt.JarLifecycleMapping lifecycle mapping for MavenProject: umu:tds:0.0.1-SNAPSHOT @ C:\Users\cosmi\Desktop\Folders\00 Info\01 Acutal\04 TDS\02 Practicas\02 Practicas actual\tds\pom.xml.
2021-02-11 11:56:28,058 [Worker-5: Building] INFO  o.e.m.c.i.embedder.EclipseLogger - Using 'UTF-8' encoding to copy filtered resources.
2021-02-11 11:56:28,058 [Worker-5: Building] INFO  o.e.m.c.i.embedder.EclipseLogger - skip non existing resourceDirectory C:\Users\cosmi\Desktop\Folders\00 Info\01 Acutal\04 TDS\02 Practicas\02 Practicas actual\tds\src\main\resources
2021-02-11 11:56:28,059 [Worker-5: Building] INFO  o.e.m.c.i.embedder.EclipseLogger - Using 'UTF-8' encoding to copy filtered resources.
2021-02-11 11:56:28,059 [Worker-5: Building] INFO  o.e.m.c.i.embedder.EclipseLogger - skip non existing resourceDirectory C:\Users\cosmi\Desktop\Folders\00 Info\01 Acutal\04 TDS\02 Practicas\02 Practicas actual\tds\src\test\resources
2021-02-11 11:56:29,406 [Worker-0: Building] INFO  o.e.m.c.i.embedder.EclipseLogger - Using 'UTF-8' encoding to copy filtered resources.
2021-02-11 11:56:29,406 [Worker-0: Building] INFO  o.e.m.c.i.embedder.EclipseLogger - skip non existing resourceDirectory C:\Users\cosmi\Desktop\Folders\00 Info\01 Acutal\04 TDS\02 Practicas\02 Practicas actual\tds\src\main\resources
2021-02-11 11:56:29,407 [Worker-0: Building] INFO  o.e.m.c.i.embedder.EclipseLogger - Using 'UTF-8' encoding to copy filtered resources.
2021-02-11 11:56:29,407 [Worker-0: Building] INFO  o.e.m.c.i.embedder.EclipseLogger - skip non existing resourceDirectory C:\Users\cosmi\Desktop\Folders\00 Info\01 Acutal\04 TDS\02 Practicas\02 Practicas actual\tds\src\test\resources
2021-02-11 11:56:34,025 [Worker-0: Building] INFO  o.e.m.c.i.l.LifecycleMappingFactory - Using org.eclipse.m2e.jdt.JarLifecycleMapping lifecycle mapping for MavenProject: umu:tds:0.0.1-SNAPSHOT @ C:\Users\cosmi\Desktop\Folders\00 Info\01 Acutal\04 TDS\02 Practicas\02 Practicas actual\tds\pom.xml.
2021-02-11 11:56:34,143 [Worker-0: Building] INFO  o.e.m.c.i.embedder.EclipseLogger - Using 'UTF-8' encoding to copy filtered resources.
2021-02-11 11:56:34,143 [Worker-0: Building] INFO  o.e.m.c.i.embedder.EclipseLogger - skip non existing resourceDirectory C:\Users\cosmi\Desktop\Folders\00 Info\01 Acutal\04 TDS\02 Practicas\02 Practicas actual\tds\src\main\resources
2021-02-11 11:56:34,145 [Worker-0: Building] INFO  o.e.m.c.i.embedder.EclipseLogger - Using 'UTF-8' encoding to copy filtered resources.
2021-02-11 11:56:34,145 [Worker-0: Building] INFO  o.e.m.c.i.embedder.EclipseLogger - skip non existing resourceDirectory C:\Users\cosmi\Desktop\Folders\00 Info\01 Acutal\04 TDS\02 Practicas\02 Practicas actual\tds\src\test\resources
2021-02-11 11:56:41,982 [Worker-13: Building] INFO  o.e.m.c.i.l.LifecycleMappingFactory - Using org.eclipse.m2e.jdt.JarLifecycleMapping lifecycle mapping for MavenProject: umu:tds:0.0.1-SNAPSHOT @ C:\Users\cosmi\Desktop\Folders\00 Info\01 Acutal\04 TDS\02 Practicas\02 Practicas actual\tds\pom.xml.
2021-02-11 11:56:42,123 [Worker-13: Building] INFO  o.e.m.c.i.embedder.EclipseLogger - Using 'UTF-8' encoding to copy filtered resources.
2021-02-11 11:56:42,124 [Worker-13: Building] INFO  o.e.m.c.i.embedder.EclipseLogger - skip non existing resourceDirectory C:\Users\cosmi\Desktop\Folders\00 Info\01 Acutal\04 TDS\02 Practicas\02 Practicas actual\tds\src\main\resources
2021-02-11 11:56:42,125 [Worker-13: Building] INFO  o.e.m.c.i.embedder.EclipseLogger - Using 'UTF-8' encoding to copy filtered resources.
2021-02-11 11:56:42,126 [Worker-13: Building] INFO  o.e.m.c.i.embedder.EclipseLogger - skip non existing resourceDirectory C:\Users\cosmi\Desktop\Folders\00 Info\01 Acutal\04 TDS\02 Practicas\02 Practicas actual\tds\src\test\resources
2021-02-11 11:56:47,633 [Worker-13: Building] INFO  o.e.m.c.i.l.LifecycleMappingFactory - Using org.eclipse.m2e.jdt.JarLifecycleMapping lifecycle mapping for MavenProject: umu:tds:0.0.1-SNAPSHOT @ C:\Users\cosmi\Desktop\Folders\00 Info\01 Acutal\04 TDS\02 Practicas\02 Practicas actual\tds\pom.xml.
2021-02-11 11:56:47,750 [Worker-13: Building] INFO  o.e.m.c.i.embedder.EclipseLogger - Using 'UTF-8' encoding to copy filtered resources.
2021-02-11 11:56:47,750 [Worker-13: Building] INFO  o.e.m.c.i.embedder.EclipseLogger - skip non existing resourceDirectory C:\Users\cosmi\Desktop\Folders\00 Info\01 Acutal\04 TDS\02 Practicas\02 Practicas actual\tds\src\main\resources
2021-02-11 11:56:47,751 [Worker-13: Building] INFO  o.e.m.c.i.embedder.EclipseLogger - Using 'UTF-8' encoding to copy filtered resources.
2021-02-11 11:56:47,751 [Worker-13: Building] INFO  o.e.m.c.i.embedder.EclipseLogger - skip non existing resourceDirectory C:\Users\cosmi\Desktop\Folders\00 Info\01 Acutal\04 TDS\02 Practicas\02 Practicas actual\tds\src\test\resources
2021-02-11 11:56:58,362 [Worker-0: Building] INFO  o.e.m.c.i.l.LifecycleMappingFactory - Using org.eclipse.m2e.jdt.JarLifecycleMapping lifecycle mapping for MavenProject: umu:tds:0.0.1-SNAPSHOT @ C:\Users\cosmi\Desktop\Folders\00 Info\01 Acutal\04 TDS\02 Practicas\02 Practicas actual\tds\pom.xml.
2021-02-11 11:56:58,465 [Worker-0: Building] INFO  o.e.m.c.i.embedder.EclipseLogger - Using 'UTF-8' encoding to copy filtered resources.
2021-02-11 11:56:58,465 [Worker-0: Building] INFO  o.e.m.c.i.embedder.EclipseLogger - skip non existing resourceDirectory C:\Users\cosmi\Desktop\Folders\00 Info\01 Acutal\04 TDS\02 Practicas\02 Practicas actual\tds\src\main\resources
2021-02-11 11:56:58,466 [Worker-0: Building] INFO  o.e.m.c.i.embedder.EclipseLogger - Using 'UTF-8' encoding to copy filtered resources.
2021-02-11 11:56:58,466 [Worker-0: Building] INFO  o.e.m.c.i.embedder.EclipseLogger - skip non existing resourceDirectory C:\Users\cosmi\Desktop\Folders\00 Info\01 Acutal\04 TDS\02 Practicas\02 Practicas actual\tds\src\test\resources
2021-02-11 11:56:59,975 [Worker-3: Building] INFO  o.e.m.c.i.embedder.EclipseLogger - Using 'UTF-8' encoding to copy filtered resources.
2021-02-11 11:56:59,975 [Worker-3: Building] INFO  o.e.m.c.i.embedder.EclipseLogger - skip non existing resourceDirectory C:\Users\cosmi\Desktop\Folders\00 Info\01 Acutal\04 TDS\02 Practicas\02 Practicas actual\tds\src\main\resources
2021-02-11 11:56:59,976 [Worker-3: Building] INFO  o.e.m.c.i.embedder.EclipseLogger - Using 'UTF-8' encoding to copy filtered resources.
2021-02-11 11:56:59,976 [Worker-3: Building] INFO  o.e.m.c.i.embedder.EclipseLogger - skip non existing resourceDirectory C:\Users\cosmi\Desktop\Folders\00 Info\01 Acutal\04 TDS\02 Practicas\02 Practicas actual\tds\src\test\resources
2021-02-11 11:57:43,596 [Worker-2: Building] INFO  o.e.m.c.i.l.LifecycleMappingFactory - Using org.eclipse.m2e.jdt.JarLifecycleMapping lifecycle mapping for MavenProject: umu:tds:0.0.1-SNAPSHOT @ C:\Users\cosmi\Desktop\Folders\00 Info\01 Acutal\04 TDS\02 Practicas\02 Practicas actual\tds\pom.xml.
2021-02-11 11:57:43,704 [Worker-2: Building] INFO  o.e.m.c.i.embedder.EclipseLogger - Using 'UTF-8' encoding to copy filtered resources.
2021-02-11 11:57:43,705 [Worker-2: Building] INFO  o.e.m.c.i.embedder.EclipseLogger - skip non existing resourceDirectory C:\Users\cosmi\Desktop\Folders\00 Info\01 Acutal\04 TDS\02 Practicas\02 Practicas actual\tds\src\main\resources
2021-02-11 11:57:43,705 [Worker-2: Building] INFO  o.e.m.c.i.embedder.EclipseLogger - Using 'UTF-8' encoding to copy filtered resources.
2021-02-11 11:57:43,705 [Worker-2: Building] INFO  o.e.m.c.i.embedder.EclipseLogger - skip non existing resourceDirectory C:\Users\cosmi\Desktop\Folders\00 Info\01 Acutal\04 TDS\02 Practicas\02 Practicas actual\tds\src\test\resources
2021-02-11 11:58:16,584 [AetherRepositoryConnector-repo.maven.apache.org-0-4] INFO  o.e.m.c.i.e.AbstractTransferListenerAdapter - Downloading https://repo.maven.apache.org/maven2/org/glassfish/jaxb/txw2/3.0.0/txw2-3.0.0.jar
2021-02-11 11:58:16,598 [AetherRepositoryConnector-repo.maven.apache.org-0-1] INFO  o.e.m.c.i.e.AbstractTransferListenerAdapter - Downloading https://repo.maven.apache.org/maven2/com/sun/activation/jakarta.activation/2.0.0/jakarta.activation-2.0.0.jar
2021-02-11 11:58:16,598 [Worker-13: Building] INFO  o.e.m.c.i.l.LifecycleMappingFactory - Using org.eclipse.m2e.jdt.JarLifecycleMapping lifecycle mapping for MavenProject: umu:tds:0.0.1-SNAPSHOT @ C:\Users\cosmi\Desktop\Folders\00 Info\01 Acutal\04 TDS\02 Practicas\02 Practicas actual\tds\pom.xml.
2021-02-11 11:58:16,611 [AetherRepositoryConnector-repo.maven.apache.org-0-2] INFO  o.e.m.c.i.e.AbstractTransferListenerAdapter - Downloading https://repo.maven.apache.org/maven2/org/glassfish/jaxb/jaxb-core/3.0.0/jaxb-core-3.0.0.jar
2021-02-11 11:58:16,611 [AetherRepositoryConnector-repo.maven.apache.org-0-3] INFO  o.e.m.c.i.e.AbstractTransferListenerAdapter - Downloading https://repo.maven.apache.org/maven2/jakarta/xml/bind/jakarta.xml.bind-api/3.0.0/jakarta.xml.bind-api-3.0.0.jar
2021-02-11 11:58:16,629 [AetherRepositoryConnector-repo.maven.apache.org-0-0] INFO  o.e.m.c.i.e.AbstractTransferListenerAdapter - Downloading https://repo.maven.apache.org/maven2/org/glassfish/jaxb/jaxb-runtime/3.0.0/jaxb-runtime-3.0.0.jar
2021-02-11 11:58:16,655 [AetherRepositoryConnector-repo.maven.apache.org-0-4] INFO  o.e.m.c.i.e.AbstractTransferListenerAdapter - Downloaded https://repo.maven.apache.org/maven2/org/glassfish/jaxb/txw2/3.0.0/txw2-3.0.0.jar
2021-02-11 11:58:16,670 [AetherRepositoryConnector-repo.maven.apache.org-0-1] INFO  o.e.m.c.i.e.AbstractTransferListenerAdapter - Downloaded https://repo.maven.apache.org/maven2/com/sun/activation/jakarta.activation/2.0.0/jakarta.activation-2.0.0.jar
2021-02-11 11:58:16,695 [AetherRepositoryConnector-repo.maven.apache.org-0-4] INFO  o.e.m.c.i.e.AbstractTransferListenerAdapter - Downloading https://repo.maven.apache.org/maven2/com/sun/istack/istack-commons-runtime/4.0.0/istack-commons-runtime-4.0.0.jar
2021-02-11 11:58:16,727 [AetherRepositoryConnector-repo.maven.apache.org-0-3] INFO  o.e.m.c.i.e.AbstractTransferListenerAdapter - Downloaded https://repo.maven.apache.org/maven2/jakarta/xml/bind/jakarta.xml.bind-api/3.0.0/jakarta.xml.bind-api-3.0.0.jar
2021-02-11 11:58:16,727 [AetherRepositoryConnector-repo.maven.apache.org-0-2] INFO  o.e.m.c.i.e.AbstractTransferListenerAdapter - Downloaded https://repo.maven.apache.org/maven2/org/glassfish/jaxb/jaxb-core/3.0.0/jaxb-core-3.0.0.jar
2021-02-11 11:58:16,822 [AetherRepositoryConnector-repo.maven.apache.org-0-0] INFO  o.e.m.c.i.e.AbstractTransferListenerAdapter - Downloaded https://repo.maven.apache.org/maven2/org/glassfish/jaxb/jaxb-runtime/3.0.0/jaxb-runtime-3.0.0.jar
2021-02-11 11:58:16,841 [Worker-13: Building] INFO  o.e.m.c.i.embedder.EclipseLogger - Using 'UTF-8' encoding to copy filtered resources.
2021-02-11 11:58:16,842 [Worker-13: Building] INFO  o.e.m.c.i.embedder.EclipseLogger - skip non existing resourceDirectory C:\Users\cosmi\Desktop\Folders\00 Info\01 Acutal\04 TDS\02 Practicas\02 Practicas actual\tds\src\main\resources
2021-02-11 11:58:16,843 [Worker-13: Building] INFO  o.e.m.c.i.embedder.EclipseLogger - Using 'UTF-8' encoding to copy filtered resources.
2021-02-11 11:58:16,843 [Worker-13: Building] INFO  o.e.m.c.i.embedder.EclipseLogger - skip non existing resourceDirectory C:\Users\cosmi\Desktop\Folders\00 Info\01 Acutal\04 TDS\02 Practicas\02 Practicas actual\tds\src\test\resources
2021-02-11 11:58:16,936 [AetherRepositoryConnector-repo.maven.apache.org-0-4] INFO  o.e.m.c.i.e.AbstractTransferListenerAdapter - Downloaded https://repo.maven.apache.org/maven2/com/sun/istack/istack-commons-runtime/4.0.0/istack-commons-runtime-4.0.0.jar
2021-02-11 11:58:17,847 [Worker-13: Download sources and javadoc] INFO  o.e.m.c.i.e.AbstractTransferListenerAdapter - Downloading https://repo.maven.apache.org/maven2/org/glassfish/jaxb/jaxb-runtime/3.0.0/jaxb-runtime-3.0.0-sources.jar
2021-02-11 11:58:17,929 [Worker-13: Download sources and javadoc] INFO  o.e.m.c.i.e.AbstractTransferListenerAdapter - Downloaded https://repo.maven.apache.org/maven2/org/glassfish/jaxb/jaxb-runtime/3.0.0/jaxb-runtime-3.0.0-sources.jar
2021-02-11 11:58:17,999 [Worker-13: Download sources and javadoc] INFO  o.e.m.j.internal.DownloadSourcesJob - Downloaded sources for org.glassfish.jaxb:jaxb-runtime:3.0.0
2021-02-11 11:58:18,117 [Worker-13: Download sources and javadoc] INFO  o.e.m.c.i.e.AbstractTransferListenerAdapter - Downloading https://repo.maven.apache.org/maven2/com/sun/activation/jakarta.activation/2.0.0/jakarta.activation-2.0.0-sources.jar
2021-02-11 11:58:18,168 [Worker-5: Building] INFO  o.e.m.c.i.embedder.EclipseLogger - Using 'UTF-8' encoding to copy filtered resources.
2021-02-11 11:58:18,168 [Worker-5: Building] INFO  o.e.m.c.i.embedder.EclipseLogger - skip non existing resourceDirectory C:\Users\cosmi\Desktop\Folders\00 Info\01 Acutal\04 TDS\02 Practicas\02 Practicas actual\tds\src\main\resources
2021-02-11 11:58:18,169 [Worker-5: Building] INFO  o.e.m.c.i.embedder.EclipseLogger - Using 'UTF-8' encoding to copy filtered resources.
2021-02-11 11:58:18,169 [Worker-5: Building] INFO  o.e.m.c.i.embedder.EclipseLogger - skip non existing resourceDirectory C:\Users\cosmi\Desktop\Folders\00 Info\01 Acutal\04 TDS\02 Practicas\02 Practicas actual\tds\src\test\resources
2021-02-11 11:58:18,241 [Worker-13: Download sources and javadoc] INFO  o.e.m.c.i.e.AbstractTransferListenerAdapter - Downloaded https://repo.maven.apache.org/maven2/com/sun/activation/jakarta.activation/2.0.0/jakarta.activation-2.0.0-sources.jar
2021-02-11 11:58:18,324 [Worker-13: Download sources and javadoc] INFO  o.e.m.j.internal.DownloadSourcesJob - Downloaded sources for com.sun.activation:jakarta.activation:2.0.0
2021-02-11 11:58:18,436 [Worker-13: Download sources and javadoc] INFO  o.e.m.c.i.e.AbstractTransferListenerAdapter - Downloading https://repo.maven.apache.org/maven2/org/glassfish/jaxb/jaxb-core/3.0.0/jaxb-core-3.0.0-sources.jar
2021-02-11 11:58:18,494 [Worker-13: Download sources and javadoc] INFO  o.e.m.c.i.e.AbstractTransferListenerAdapter - Downloaded https://repo.maven.apache.org/maven2/org/glassfish/jaxb/jaxb-core/3.0.0/jaxb-core-3.0.0-sources.jar
2021-02-11 11:58:18,556 [Worker-13: Download sources and javadoc] INFO  o.e.m.j.internal.DownloadSourcesJob - Downloaded sources for org.glassfish.jaxb:jaxb-core:3.0.0
2021-02-11 11:58:18,657 [Worker-13: Download sources and javadoc] INFO  o.e.m.c.i.e.AbstractTransferListenerAdapter - Downloading https://repo.maven.apache.org/maven2/jakarta/xml/bind/jakarta.xml.bind-api/3.0.0/jakarta.xml.bind-api-3.0.0-sources.jar
2021-02-11 11:58:18,707 [Worker-13: Download sources and javadoc] INFO  o.e.m.c.i.e.AbstractTransferListenerAdapter - Downloaded https://repo.maven.apache.org/maven2/jakarta/xml/bind/jakarta.xml.bind-api/3.0.0/jakarta.xml.bind-api-3.0.0-sources.jar
2021-02-11 11:58:18,765 [Worker-13: Download sources and javadoc] INFO  o.e.m.j.internal.DownloadSourcesJob - Downloaded sources for jakarta.xml.bind:jakarta.xml.bind-api:3.0.0
2021-02-11 11:58:18,870 [Worker-13: Download sources and javadoc] INFO  o.e.m.c.i.e.AbstractTransferListenerAdapter - Downloading https://repo.maven.apache.org/maven2/org/glassfish/jaxb/txw2/3.0.0/txw2-3.0.0-sources.jar
2021-02-11 11:58:18,912 [Worker-13: Download sources and javadoc] INFO  o.e.m.c.i.e.AbstractTransferListenerAdapter - Downloaded https://repo.maven.apache.org/maven2/org/glassfish/jaxb/txw2/3.0.0/txw2-3.0.0-sources.jar
2021-02-11 11:58:18,974 [Worker-13: Download sources and javadoc] INFO  o.e.m.j.internal.DownloadSourcesJob - Downloaded sources for org.glassfish.jaxb:txw2:3.0.0
2021-02-11 11:58:19,072 [Worker-13: Download sources and javadoc] INFO  o.e.m.c.i.e.AbstractTransferListenerAdapter - Downloading https://repo.maven.apache.org/maven2/com/sun/istack/istack-commons-runtime/4.0.0/istack-commons-runtime-4.0.0-sources.jar
2021-02-11 11:58:19,175 [Worker-13: Download sources and javadoc] INFO  o.e.m.c.i.e.AbstractTransferListenerAdapter - Downloaded https://repo.maven.apache.org/maven2/com/sun/istack/istack-commons-runtime/4.0.0/istack-commons-runtime-4.0.0-sources.jar
2021-02-11 11:58:19,361 [Worker-13: Download sources and javadoc] INFO  o.e.m.j.internal.DownloadSourcesJob - Downloaded sources for com.sun.istack:istack-commons-runtime:4.0.0
2021-02-11 11:58:20,334 [Worker-5: Building] INFO  o.e.m.c.i.embedder.EclipseLogger - Using 'UTF-8' encoding to copy filtered resources.
2021-02-11 11:58:20,335 [Worker-5: Building] INFO  o.e.m.c.i.embedder.EclipseLogger - skip non existing resourceDirectory C:\Users\cosmi\Desktop\Folders\00 Info\01 Acutal\04 TDS\02 Practicas\02 Practicas actual\tds\src\main\resources
2021-02-11 11:58:20,335 [Worker-5: Building] INFO  o.e.m.c.i.embedder.EclipseLogger - Using 'UTF-8' encoding to copy filtered resources.
2021-02-11 11:58:20,335 [Worker-5: Building] INFO  o.e.m.c.i.embedder.EclipseLogger - skip non existing resourceDirectory C:\Users\cosmi\Desktop\Folders\00 Info\01 Acutal\04 TDS\02 Practicas\02 Practicas actual\tds\src\test\resources
2021-02-11 11:58:27,291 [Worker-0: Building] INFO  o.e.m.c.i.l.LifecycleMappingFactory - Using org.eclipse.m2e.jdt.JarLifecycleMapping lifecycle mapping for MavenProject: umu:tds:0.0.1-SNAPSHOT @ C:\Users\cosmi\Desktop\Folders\00 Info\01 Acutal\04 TDS\02 Practicas\02 Practicas actual\tds\pom.xml.
2021-02-11 11:58:27,405 [Worker-0: Building] INFO  o.e.m.c.i.embedder.EclipseLogger - Using 'UTF-8' encoding to copy filtered resources.
2021-02-11 11:58:27,405 [Worker-0: Building] INFO  o.e.m.c.i.embedder.EclipseLogger - skip non existing resourceDirectory C:\Users\cosmi\Desktop\Folders\00 Info\01 Acutal\04 TDS\02 Practicas\02 Practicas actual\tds\src\main\resources
2021-02-11 11:58:27,406 [Worker-0: Building] INFO  o.e.m.c.i.embedder.EclipseLogger - Using 'UTF-8' encoding to copy filtered resources.
2021-02-11 11:58:27,407 [Worker-0: Building] INFO  o.e.m.c.i.embedder.EclipseLogger - skip non existing resourceDirectory C:\Users\cosmi\Desktop\Folders\00 Info\01 Acutal\04 TDS\02 Practicas\02 Practicas actual\tds\src\test\resources
2021-02-11 11:58:35,597 [Worker-3: Building] INFO  o.e.m.c.i.l.LifecycleMappingFactory - Using org.eclipse.m2e.jdt.JarLifecycleMapping lifecycle mapping for MavenProject: umu:tds:0.0.1-SNAPSHOT @ C:\Users\cosmi\Desktop\Folders\00 Info\01 Acutal\04 TDS\02 Practicas\02 Practicas actual\tds\pom.xml.
2021-02-11 11:58:35,714 [Worker-3: Building] INFO  o.e.m.c.i.embedder.EclipseLogger - Using 'UTF-8' encoding to copy filtered resources.
2021-02-11 11:58:35,714 [Worker-3: Building] INFO  o.e.m.c.i.embedder.EclipseLogger - skip non existing resourceDirectory C:\Users\cosmi\Desktop\Folders\00 Info\01 Acutal\04 TDS\02 Practicas\02 Practicas actual\tds\src\main\resources
2021-02-11 11:58:35,715 [Worker-3: Building] INFO  o.e.m.c.i.embedder.EclipseLogger - Using 'UTF-8' encoding to copy filtered resources.
2021-02-11 11:58:35,715 [Worker-3: Building] INFO  o.e.m.c.i.embedder.EclipseLogger - skip non existing resourceDirectory C:\Users\cosmi\Desktop\Folders\00 Info\01 Acutal\04 TDS\02 Practicas\02 Practicas actual\tds\src\test\resources
2021-02-11 11:58:37,056 [Worker-9: Building] INFO  o.e.m.c.i.embedder.EclipseLogger - Using 'UTF-8' encoding to copy filtered resources.
2021-02-11 11:58:37,056 [Worker-9: Building] INFO  o.e.m.c.i.embedder.EclipseLogger - skip non existing resourceDirectory C:\Users\cosmi\Desktop\Folders\00 Info\01 Acutal\04 TDS\02 Practicas\02 Practicas actual\tds\src\main\resources
2021-02-11 11:58:37,057 [Worker-9: Building] INFO  o.e.m.c.i.embedder.EclipseLogger - Using 'UTF-8' encoding to copy filtered resources.
2021-02-11 11:58:37,057 [Worker-9: Building] INFO  o.e.m.c.i.embedder.EclipseLogger - skip non existing resourceDirectory C:\Users\cosmi\Desktop\Folders\00 Info\01 Acutal\04 TDS\02 Practicas\02 Practicas actual\tds\src\test\resources
2021-02-11 12:32:06,332 [Worker-6: Loading available Gradle versions] INFO  o.e.b.c.i.u.g.PublishedGradleVersions - Gradle version information cache is up-to-date. Trying to read.
2021-02-11 12:32:42,590 [Worker-25: Building] INFO  o.e.m.c.i.embedder.EclipseLogger - Using 'UTF-8' encoding to copy filtered resources.
2021-02-11 12:32:42,591 [Worker-25: Building] INFO  o.e.m.c.i.embedder.EclipseLogger - skip non existing resourceDirectory C:\Users\cosmi\Desktop\Folders\00 Info\01 Acutal\04 TDS\02 Practicas\02 Practicas actual\tds\src\main\resources
2021-02-11 12:32:42,593 [Worker-25: Building] INFO  o.e.m.c.i.embedder.EclipseLogger - Using 'UTF-8' encoding to copy filtered resources.
2021-02-11 12:32:42,593 [Worker-25: Building] INFO  o.e.m.c.i.embedder.EclipseLogger - skip non existing resourceDirectory C:\Users\cosmi\Desktop\Folders\00 Info\01 Acutal\04 TDS\02 Practicas\02 Practicas actual\tds\src\test\resources
